2021-12-14 23:49:08,963 [Worker-1: Loading available Gradle versions] INFO  o.e.b.c.i.u.g.PublishedGradleVersions - Gradle version information cache is up-to-date. Trying to read.
2021-12-14 23:50:28,073 [Worker-9: Building] INFO  o.e.m.c.i.l.LifecycleMappingFactory - Using org.eclipse.m2e.jdt.JarLifecycleMapping lifecycle mapping for MavenProject: ar.edu.ifts16:dontLetThemCatchYou:1.0-SNAPSHOT @ C:\Users\tayna\git\JuegoSpacefrog\pom.xml.
2021-12-14 23:50:28,073 [Worker-8: Updating Maven Dependencies] INFO  o.e.m.c.i.l.LifecycleMappingFactory - Using org.eclipse.m2e.jdt.JarLifecycleMapping lifecycle mapping for MavenProject: ar.edu.ifts16:dontLetThemCatchYou:1.0-SNAPSHOT @ C:\Users\tayna\git\JuegoSpacefrog\pom.xml.
2021-12-14 23:50:29,514 [Worker-9: Building] WARN  o.e.m.c.i.embedder.EclipseLogger - Using platform encoding (Cp1252 actually) to copy filtered resources, i.e. build is platform dependent!
2021-12-14 23:50:29,557 [Worker-9: Building] INFO  o.e.m.c.i.embedder.EclipseLogger - Copying 10 resources
2021-12-14 23:50:29,913 [Worker-9: Building] WARN  o.e.m.c.i.embedder.EclipseLogger - Using platform encoding (Cp1252 actually) to copy filtered resources, i.e. build is platform dependent!
2021-12-14 23:50:29,915 [Worker-9: Building] INFO  o.e.m.c.i.embedder.EclipseLogger - skip non existing resourceDirectory C:\Users\tayna\git\JuegoSpacefrog\src\test\resources
2021-12-14 23:50:31,672 [Worker-1: Updating Maven Dependencies] INFO  o.e.m.c.i.l.LifecycleMappingFactory - Using org.eclipse.m2e.jdt.JarLifecycleMapping lifecycle mapping for MavenProject: ar.edu.ifts16:dontLetThemCatchYou:1.0-SNAPSHOT @ C:\Users\tayna\git\JuegoSpacefrog\pom.xml.
2021-12-14 23:50:32,456 [Worker-4: Building] WARN  o.e.m.c.i.embedder.EclipseLogger - Using platform encoding (Cp1252 actually) to copy filtered resources, i.e. build is platform dependent!
2021-12-14 23:50:32,459 [Worker-4: Building] INFO  o.e.m.c.i.embedder.EclipseLogger - Copying 0 resource
2021-12-14 23:50:32,465 [Worker-4: Building] WARN  o.e.m.c.i.embedder.EclipseLogger - Using platform encoding (Cp1252 actually) to copy filtered resources, i.e. build is platform dependent!
2021-12-14 23:50:32,468 [Worker-4: Building] INFO  o.e.m.c.i.embedder.EclipseLogger - skip non existing resourceDirectory C:\Users\tayna\git\JuegoSpacefrog\src\test\resources
2021-12-14 23:50:33,485 [Worker-7: Building] WARN  o.e.m.c.i.embedder.EclipseLogger - Using platform encoding (Cp1252 actually) to copy filtered resources, i.e. build is platform dependent!
2021-12-14 23:50:33,487 [Worker-7: Building] INFO  o.e.m.c.i.embedder.EclipseLogger - Copying 0 resource
2021-12-14 23:50:33,490 [Worker-7: Building] WARN  o.e.m.c.i.embedder.EclipseLogger - Using platform encoding (Cp1252 actually) to copy filtered resources, i.e. build is platform dependent!
2021-12-14 23:50:33,491 [Worker-7: Building] INFO  o.e.m.c.i.embedder.EclipseLogger - skip non existing resourceDirectory C:\Users\tayna\git\JuegoSpacefrog\src\test\resources
2021-12-14 23:51:59,210 [Worker-7: Building] WARN  o.e.m.c.i.embedder.EclipseLogger - Using platform encoding (Cp1252 actually) to copy filtered resources, i.e. build is platform dependent!
2021-12-14 23:51:59,227 [Worker-7: Building] INFO  o.e.m.c.i.embedder.EclipseLogger - Copying 10 resources
2021-12-14 23:51:59,240 [Worker-7: Building] WARN  o.e.m.c.i.embedder.EclipseLogger - Using platform encoding (Cp1252 actually) to copy filtered resources, i.e. build is platform dependent!
2021-12-14 23:51:59,242 [Worker-7: Building] INFO  o.e.m.c.i.embedder.EclipseLogger - skip non existing resourceDirectory C:\Users\tayna\git\JuegoSpacefrog\src\test\resources
2021-12-14 23:52:46,202 [Worker-9: Building] WARN  o.e.m.c.i.embedder.EclipseLogger - Using platform encoding (Cp1252 actually) to copy filtered resources, i.e. build is platform dependent!
2021-12-14 23:52:46,206 [Worker-9: Building] INFO  o.e.m.c.i.embedder.EclipseLogger - Copying 10 resources
2021-12-14 23:52:46,210 [Worker-9: Building] WARN  o.e.m.c.i.embedder.EclipseLogger - Using platform encoding (Cp1252 actually) to copy filtered resources, i.e. build is platform dependent!
2021-12-14 23:52:46,212 [Worker-9: Building] INFO  o.e.m.c.i.embedder.EclipseLogger - skip non existing resourceDirectory C:\Users\tayna\git\JuegoSpacefrog\src\test\resources
2021-12-14 23:54:04,810 [Worker-9: Building] WARN  o.e.m.c.i.embedder.EclipseLogger - Using platform encoding (Cp1252 actually) to copy filtered resources, i.e. build is platform dependent!
2021-12-14 23:54:04,815 [Worker-9: Building] INFO  o.e.m.c.i.embedder.EclipseLogger - Copying 10 resources
2021-12-14 23:54:04,820 [Worker-9: Building] WARN  o.e.m.c.i.embedder.EclipseLogger - Using platform encoding (Cp1252 actually) to copy filtered resources, i.e. build is platform dependent!
2021-12-14 23:54:04,821 [Worker-9: Building] INFO  o.e.m.c.i.embedder.EclipseLogger - skip non existing resourceDirectory C:\Users\tayna\git\JuegoSpacefrog\src\test\resources
2021-12-14 23:55:54,164 [Worker-5: Building] WARN  o.e.m.c.i.embedder.EclipseLogger - Using platform encoding (Cp1252 actually) to copy filtered resources, i.e. build is platform dependent!
2021-12-14 23:55:54,169 [Worker-5: Building] INFO  o.e.m.c.i.embedder.EclipseLogger - Copying 10 resources
2021-12-14 23:55:54,173 [Worker-5: Building] WARN  o.e.m.c.i.embedder.EclipseLogger - Using platform encoding (Cp1252 actually) to copy filtered resources, i.e. build is platform dependent!
2021-12-14 23:55:54,175 [Worker-5: Building] INFO  o.e.m.c.i.embedder.EclipseLogger - skip non existing resourceDirectory C:\Users\tayna\git\JuegoSpacefrog\src\test\resources
2021-12-14 23:59:17,931 [Worker-4: Building] WARN  o.e.m.c.i.embedder.EclipseLogger - Using platform encoding (Cp1252 actually) to copy filtered resources, i.e. build is platform dependent!
2021-12-14 23:59:17,936 [Worker-4: Building] INFO  o.e.m.c.i.embedder.EclipseLogger - Copying 10 resources
2021-12-14 23:59:17,941 [Worker-4: Building] WARN  o.e.m.c.i.embedder.EclipseLogger - Using platform encoding (Cp1252 actually) to copy filtered resources, i.e. build is platform dependent!
2021-12-14 23:59:17,952 [Worker-4: Building] INFO  o.e.m.c.i.embedder.EclipseLogger - skip non existing resourceDirectory C:\Users\tayna\git\JuegoSpacefrog\src\test\resources
2021-12-15 00:00:50,456 [Worker-5: Building] WARN  o.e.m.c.i.embedder.EclipseLogger - Using platform encoding (Cp1252 actually) to copy filtered resources, i.e. build is platform dependent!
2021-12-15 00:00:50,461 [Worker-5: Building] INFO  o.e.m.c.i.embedder.EclipseLogger - Copying 10 resources
2021-12-15 00:00:50,466 [Worker-5: Building] WARN  o.e.m.c.i.embedder.EclipseLogger - Using platform encoding (Cp1252 actually) to copy filtered resources, i.e. build is platform dependent!
2021-12-15 00:00:50,468 [Worker-5: Building] INFO  o.e.m.c.i.embedder.EclipseLogger - skip non existing resourceDirectory C:\Users\tayna\git\JuegoSpacefrog\src\test\resources
2021-12-15 00:01:31,579 [Worker-7: Building] WARN  o.e.m.c.i.embedder.EclipseLogger - Using platform encoding (Cp1252 actually) to copy filtered resources, i.e. build is platform dependent!
2021-12-15 00:01:31,583 [Worker-7: Building] INFO  o.e.m.c.i.embedder.EclipseLogger - Copying 10 resources
2021-12-15 00:01:31,587 [Worker-7: Building] WARN  o.e.m.c.i.embedder.EclipseLogger - Using platform encoding (Cp1252 actually) to copy filtered resources, i.e. build is platform dependent!
2021-12-15 00:01:31,588 [Worker-7: Building] INFO  o.e.m.c.i.embedder.EclipseLogger - skip non existing resourceDirectory C:\Users\tayna\git\JuegoSpacefrog\src\test\resources
2021-12-15 00:01:59,637 [Worker-9: Building] WARN  o.e.m.c.i.embedder.EclipseLogger - Using platform encoding (Cp1252 actually) to copy filtered resources, i.e. build is platform dependent!
2021-12-15 00:01:59,641 [Worker-9: Building] INFO  o.e.m.c.i.embedder.EclipseLogger - Copying 10 resources
2021-12-15 00:01:59,645 [Worker-9: Building] WARN  o.e.m.c.i.embedder.EclipseLogger - Using platform encoding (Cp1252 actually) to copy filtered resources, i.e. build is platform dependent!
2021-12-15 00:01:59,646 [Worker-9: Building] INFO  o.e.m.c.i.embedder.EclipseLogger - skip non existing resourceDirectory C:\Users\tayna\git\JuegoSpacefrog\src\test\resources
2021-12-15 00:03:06,037 [Worker-3: Building] WARN  o.e.m.c.i.embedder.EclipseLogger - Using platform encoding (Cp1252 actually) to copy filtered resources, i.e. build is platform dependent!
2021-12-15 00:03:06,045 [Worker-3: Building] INFO  o.e.m.c.i.embedder.EclipseLogger - Copying 10 resources
2021-12-15 00:03:06,048 [Worker-3: Building] WARN  o.e.m.c.i.embedder.EclipseLogger - Using platform encoding (Cp1252 actually) to copy filtered resources, i.e. build is platform dependent!
2021-12-15 00:03:06,050 [Worker-3: Building] INFO  o.e.m.c.i.embedder.EclipseLogger - skip non existing resourceDirectory C:\Users\tayna\git\JuegoSpacefrog\src\test\resources
2021-12-15 00:03:20,985 [Worker-9: Building] WARN  o.e.m.c.i.embedder.EclipseLogger - Using platform encoding (Cp1252 actually) to copy filtered resources, i.e. build is platform dependent!
2021-12-15 00:03:20,989 [Worker-9: Building] INFO  o.e.m.c.i.embedder.EclipseLogger - Copying 10 resources
2021-12-15 00:03:20,993 [Worker-9: Building] WARN  o.e.m.c.i.embedder.EclipseLogger - Using platform encoding (Cp1252 actually) to copy filtered resources, i.e. build is platform dependent!
2021-12-15 00:03:20,995 [Worker-9: Building] INFO  o.e.m.c.i.embedder.EclipseLogger - skip non existing resourceDirectory C:\Users\tayna\git\JuegoSpacefrog\src\test\resources
2021-12-15 00:04:04,352 [Worker-7: Building] WARN  o.e.m.c.i.embedder.EclipseLogger - Using platform encoding (Cp1252 actually) to copy filtered resources, i.e. build is platform dependent!
2021-12-15 00:04:04,356 [Worker-7: Building] INFO  o.e.m.c.i.embedder.EclipseLogger - Copying 10 resources
2021-12-15 00:04:04,360 [Worker-7: Building] WARN  o.e.m.c.i.embedder.EclipseLogger - Using platform encoding (Cp1252 actually) to copy filtered resources, i.e. build is platform dependent!
2021-12-15 00:04:04,361 [Worker-7: Building] INFO  o.e.m.c.i.embedder.EclipseLogger - skip non existing resourceDirectory C:\Users\tayna\git\JuegoSpacefrog\src\test\resources
2021-12-15 00:11:25,052 [Worker-1: Loading available Gradle versions] INFO  o.e.b.c.i.u.g.PublishedGradleVersions - Gradle version information cache is up-to-date. Trying to read.
2021-12-15 00:29:22,222 [Worker-0: Loading available Gradle versions] INFO  o.e.b.c.i.u.g.PublishedGradleVersions - Gradle version information cache is up-to-date. Trying to read.
2021-12-15 00:32:26,388 [Worker-11: Updating Maven Dependencies] INFO  o.e.m.c.i.l.LifecycleMappingFactory - Using org.eclipse.m2e.jdt.JarLifecycleMapping lifecycle mapping for MavenProject: ar.edu.ifts16:JuegoSpaceShip:1.0-SNAPSHOT @ C:\Users\tayna\git\JuegoSpacefrog\pom.xml.
2021-12-15 00:32:26,388 [Worker-14: Building] INFO  o.e.m.c.i.l.LifecycleMappingFactory - Using org.eclipse.m2e.jdt.JarLifecycleMapping lifecycle mapping for MavenProject: ar.edu.ifts16:JuegoSpaceShip:1.0-SNAPSHOT @ C:\Users\tayna\git\JuegoSpacefrog\pom.xml.
2021-12-15 00:32:31,764 [Worker-14: Building] WARN  o.e.m.c.i.embedder.EclipseLogger - Using platform encoding (Cp1252 actually) to copy filtered resources, i.e. build is platform dependent!
2021-12-15 00:32:31,779 [Worker-14: Building] INFO  o.e.m.c.i.embedder.EclipseLogger - Copying 19 resources
2021-12-15 00:32:34,780 [Worker-14: Building] WARN  o.e.m.c.i.embedder.EclipseLogger - Using platform encoding (Cp1252 actually) to copy filtered resources, i.e. build is platform dependent!
2021-12-15 00:32:34,782 [Worker-14: Building] INFO  o.e.m.c.i.embedder.EclipseLogger - skip non existing resourceDirectory C:\Users\tayna\git\JuegoSpacefrog\src\test\resources
2021-12-15 00:32:37,461 [Worker-1: Updating Maven Dependencies] INFO  o.e.m.c.i.l.LifecycleMappingFactory - Using org.eclipse.m2e.jdt.JarLifecycleMapping lifecycle mapping for MavenProject: ar.edu.ifts16:JuegoSpaceShip:1.0-SNAPSHOT @ C:\Users\tayna\git\JuegoSpacefrog\pom.xml.
2021-12-15 00:32:38,871 [Worker-11: Building] WARN  o.e.m.c.i.embedder.EclipseLogger - Using platform encoding (Cp1252 actually) to copy filtered resources, i.e. build is platform dependent!
2021-12-15 00:32:38,875 [Worker-11: Building] INFO  o.e.m.c.i.embedder.EclipseLogger - Copying 0 resource
2021-12-15 00:32:38,883 [Worker-11: Building] WARN  o.e.m.c.i.embedder.EclipseLogger - Using platform encoding (Cp1252 actually) to copy filtered resources, i.e. build is platform dependent!
2021-12-15 00:32:38,885 [Worker-11: Building] INFO  o.e.m.c.i.embedder.EclipseLogger - skip non existing resourceDirectory C:\Users\tayna\git\JuegoSpacefrog\src\test\resources
2021-12-15 00:47:47,319 [Worker-17: Building] WARN  o.e.m.c.i.embedder.EclipseLogger - Using platform encoding (Cp1252 actually) to copy filtered resources, i.e. build is platform dependent!
2021-12-15 00:47:47,332 [Worker-17: Building] INFO  o.e.m.c.i.embedder.EclipseLogger - Copying 19 resources
2021-12-15 00:47:47,345 [Worker-17: Building] WARN  o.e.m.c.i.embedder.EclipseLogger - Using platform encoding (Cp1252 actually) to copy filtered resources, i.e. build is platform dependent!
2021-12-15 00:47:47,346 [Worker-17: Building] INFO  o.e.m.c.i.embedder.EclipseLogger - skip non existing resourceDirectory C:\Users\tayna\git\JuegoSpacefrog\src\test\resources
2021-12-15 00:50:32,779 [Worker-23: Building] WARN  o.e.m.c.i.embedder.EclipseLogger - Using platform encoding (Cp1252 actually) to copy filtered resources, i.e. build is platform dependent!
2021-12-15 00:50:32,786 [Worker-23: Building] INFO  o.e.m.c.i.embedder.EclipseLogger - Copying 19 resources
2021-12-15 00:50:32,794 [Worker-23: Building] WARN  o.e.m.c.i.embedder.EclipseLogger - Using platform encoding (Cp1252 actually) to copy filtered resources, i.e. build is platform dependent!
2021-12-15 00:50:32,795 [Worker-23: Building] INFO  o.e.m.c.i.embedder.EclipseLogger - skip non existing resourceDirectory C:\Users\tayna\git\JuegoSpacefrog\src\test\resources
2021-12-15 00:52:38,827 [Worker-23: Building] WARN  o.e.m.c.i.embedder.EclipseLogger - Using platform encoding (Cp1252 actually) to copy filtered resources, i.e. build is platform dependent!
2021-12-15 00:52:38,833 [Worker-23: Building] INFO  o.e.m.c.i.embedder.EclipseLogger - Copying 19 resources
2021-12-15 00:52:38,838 [Worker-23: Building] WARN  o.e.m.c.i.embedder.EclipseLogger - Using platform encoding (Cp1252 actually) to copy filtered resources, i.e. build is platform dependent!
2021-12-15 00:52:38,839 [Worker-23: Building] INFO  o.e.m.c.i.embedder.EclipseLogger - skip non existing resourceDirectory C:\Users\tayna\git\JuegoSpacefrog\src\test\resources
2021-12-15 00:53:07,257 [Worker-25: Building] WARN  o.e.m.c.i.embedder.EclipseLogger - Using platform encoding (Cp1252 actually) to copy filtered resources, i.e. build is platform dependent!
2021-12-15 00:53:07,263 [Worker-25: Building] INFO  o.e.m.c.i.embedder.EclipseLogger - Copying 19 resources
2021-12-15 00:53:07,270 [Worker-25: Building] WARN  o.e.m.c.i.embedder.EclipseLogger - Using platform encoding (Cp1252 actually) to copy filtered resources, i.e. build is platform dependent!
2021-12-15 00:53:07,271 [Worker-25: Building] INFO  o.e.m.c.i.embedder.EclipseLogger - skip non existing resourceDirectory C:\Users\tayna\git\JuegoSpacefrog\src\test\resources
2021-12-15 00:54:41,565 [Worker-26: Building] WARN  o.e.m.c.i.embedder.EclipseLogger - Using platform encoding (Cp1252 actually) to copy filtered resources, i.e. build is platform dependent!
2021-12-15 00:54:41,571 [Worker-26: Building] INFO  o.e.m.c.i.embedder.EclipseLogger - Copying 19 resources
2021-12-15 00:54:41,576 [Worker-26: Building] WARN  o.e.m.c.i.embedder.EclipseLogger - Using platform encoding (Cp1252 actually) to copy filtered resources, i.e. build is platform dependent!
2021-12-15 00:54:41,577 [Worker-26: Building] INFO  o.e.m.c.i.embedder.EclipseLogger - skip non existing resourceDirectory C:\Users\tayna\git\JuegoSpacefrog\src\test\resources
2021-12-15 00:55:14,832 [Worker-25: Building] WARN  o.e.m.c.i.embedder.EclipseLogger - Using platform encoding (Cp1252 actually) to copy filtered resources, i.e. build is platform dependent!
2021-12-15 00:55:14,839 [Worker-25: Building] INFO  o.e.m.c.i.embedder.EclipseLogger - Copying 19 resources
2021-12-15 00:55:14,845 [Worker-25: Building] WARN  o.e.m.c.i.embedder.EclipseLogger - Using platform encoding (Cp1252 actually) to copy filtered resources, i.e. build is platform dependent!
2021-12-15 00:55:14,847 [Worker-25: Building] INFO  o.e.m.c.i.embedder.EclipseLogger - skip non existing resourceDirectory C:\Users\tayna\git\JuegoSpacefrog\src\test\resources
2021-12-15 00:55:43,789 [Worker-22: Building] WARN  o.e.m.c.i.embedder.EclipseLogger - Using platform encoding (Cp1252 actually) to copy filtered resources, i.e. build is platform dependent!
2021-12-15 00:55:43,794 [Worker-22: Building] INFO  o.e.m.c.i.embedder.EclipseLogger - Copying 19 resources
2021-12-15 00:55:43,801 [Worker-22: Building] WARN  o.e.m.c.i.embedder.EclipseLogger - Using platform encoding (Cp1252 actually) to copy filtered resources, i.e. build is platform dependent!
2021-12-15 00:55:43,803 [Worker-22: Building] INFO  o.e.m.c.i.embedder.EclipseLogger - skip non existing resourceDirectory C:\Users\tayna\git\JuegoSpacefrog\src\test\resources
2021-12-15 00:56:13,604 [Worker-22: Building] WARN  o.e.m.c.i.embedder.EclipseLogger - Using platform encoding (Cp1252 actually) to copy filtered resources, i.e. build is platform dependent!
2021-12-15 00:56:13,610 [Worker-22: Building] INFO  o.e.m.c.i.embedder.EclipseLogger - Copying 19 resources
2021-12-15 00:56:13,616 [Worker-22: Building] WARN  o.e.m.c.i.embedder.EclipseLogger - Using platform encoding (Cp1252 actually) to copy filtered resources, i.e. build is platform dependent!
2021-12-15 00:56:13,617 [Worker-22: Building] INFO  o.e.m.c.i.embedder.EclipseLogger - skip non existing resourceDirectory C:\Users\tayna\git\JuegoSpacefrog\src\test\resources
2021-12-15 00:56:31,500 [Worker-28: Building] WARN  o.e.m.c.i.embedder.EclipseLogger - Using platform encoding (Cp1252 actually) to copy filtered resources, i.e. build is platform dependent!
2021-12-15 00:56:31,505 [Worker-28: Building] INFO  o.e.m.c.i.embedder.EclipseLogger - Copying 19 resources
2021-12-15 00:56:31,511 [Worker-28: Building] WARN  o.e.m.c.i.embedder.EclipseLogger - Using platform encoding (Cp1252 actually) to copy filtered resources, i.e. build is platform dependent!
2021-12-15 00:56:31,513 [Worker-28: Building] INFO  o.e.m.c.i.embedder.EclipseLogger - skip non existing resourceDirectory C:\Users\tayna\git\JuegoSpacefrog\src\test\resources
2021-12-15 00:56:47,996 [Worker-24: Building] WARN  o.e.m.c.i.embedder.EclipseLogger - Using platform encoding (Cp1252 actually) to copy filtered resources, i.e. build is platform dependent!
2021-12-15 00:56:48,002 [Worker-24: Building] INFO  o.e.m.c.i.embedder.EclipseLogger - Copying 19 resources
2021-12-15 00:56:48,009 [Worker-24: Building] WARN  o.e.m.c.i.embedder.EclipseLogger - Using platform encoding (Cp1252 actually) to copy filtered resources, i.e. build is platform dependent!
2021-12-15 00:56:48,010 [Worker-24: Building] INFO  o.e.m.c.i.embedder.EclipseLogger - skip non existing resourceDirectory C:\Users\tayna\git\JuegoSpacefrog\src\test\resources
2021-12-15 00:57:00,824 [Worker-28: Building] WARN  o.e.m.c.i.embedder.EclipseLogger - Using platform encoding (Cp1252 actually) to copy filtered resources, i.e. build is platform dependent!
2021-12-15 00:57:00,830 [Worker-28: Building] INFO  o.e.m.c.i.embedder.EclipseLogger - Copying 19 resources
2021-12-15 00:57:00,835 [Worker-28: Building] WARN  o.e.m.c.i.embedder.EclipseLogger - Using platform encoding (Cp1252 actually) to copy filtered resources, i.e. build is platform dependent!
2021-12-15 00:57:00,837 [Worker-28: Building] INFO  o.e.m.c.i.embedder.EclipseLogger - skip non existing resourceDirectory C:\Users\tayna\git\JuegoSpacefrog\src\test\resources
2021-12-15 00:57:14,682 [Worker-22: Building] WARN  o.e.m.c.i.embedder.EclipseLogger - Using platform encoding (Cp1252 actually) to copy filtered resources, i.e. build is platform dependent!
2021-12-15 00:57:14,688 [Worker-22: Building] INFO  o.e.m.c.i.embedder.EclipseLogger - Copying 19 resources
2021-12-15 00:57:14,694 [Worker-22: Building] WARN  o.e.m.c.i.embedder.EclipseLogger - Using platform encoding (Cp1252 actually) to copy filtered resources, i.e. build is platform dependent!
2021-12-15 00:57:14,695 [Worker-22: Building] INFO  o.e.m.c.i.embedder.EclipseLogger - skip non existing resourceDirectory C:\Users\tayna\git\JuegoSpacefrog\src\test\resources
2021-12-15 00:57:26,760 [Worker-27: Building] WARN  o.e.m.c.i.embedder.EclipseLogger - Using platform encoding (Cp1252 actually) to copy filtered resources, i.e. build is platform dependent!
2021-12-15 00:57:26,766 [Worker-27: Building] INFO  o.e.m.c.i.embedder.EclipseLogger - Copying 19 resources
2021-12-15 00:57:26,772 [Worker-27: Building] WARN  o.e.m.c.i.embedder.EclipseLogger - Using platform encoding (Cp1252 actually) to copy filtered resources, i.e. build is platform dependent!
2021-12-15 00:57:26,773 [Worker-27: Building] INFO  o.e.m.c.i.embedder.EclipseLogger - skip non existing resourceDirectory C:\Users\tayna\git\JuegoSpacefrog\src\test\resources
2021-12-15 00:58:06,304 [Worker-26: Building] WARN  o.e.m.c.i.embedder.EclipseLogger - Using platform encoding (Cp1252 actually) to copy filtered resources, i.e. build is platform dependent!
2021-12-15 00:58:06,309 [Worker-26: Building] INFO  o.e.m.c.i.embedder.EclipseLogger - Copying 19 resources
2021-12-15 00:58:06,316 [Worker-26: Building] WARN  o.e.m.c.i.embedder.EclipseLogger - Using platform encoding (Cp1252 actually) to copy filtered resources, i.e. build is platform dependent!
